<?xml version="1.0" encoding="UTF-8"?>
<!-- Generated by org.testng.reporters.JUnitReportReporter -->
<testsuite skipped="0" hostname="Smeeti" name="co.nopc.Login.LoginValiadation" tests="4" failures="0" timestamp="2022-12-06T22:47:26 IST" time="14.434" errors="0">
  <testcase name="logoveriefy" time="0.438" classname="co.nopc.Login.LoginValiadation"/>
  <system-out/>
  <testcase name="checkboxveriefy" time="1.378" classname="co.nopc.Login.LoginValiadation"/>
  <system-out/>
  <testcase name="titleveriefy" time="0.063" classname="co.nopc.Login.LoginValiadation"/>
  <system-out/>
  <testcase name="loginveriefy" time="12.555" classname="co.nopc.Login.LoginValiadation"/>
  <system-out/>
</testsuite> <!-- co.nopc.Login.LoginValiadation -->
